<?xml version="1.0" encoding="UTF-8"?>
<!-- Generated by org.testng.reporters.JUnitXMLReporter -->
<testsuite ignored="0" hostname="DESKTOP-5MGNPN8" failures="1" tests="3" name="SubmitOrder TestCase" time="55.447" errors="0" timestamp="2024-01-31T15:15:45 IST">
  <testcase classname="NewTest.SupportTestCase" name="SubmitOrder" time="12.362"/>
  <testcase classname="NewTest.SupportTestCase" name="SubmitOrder" time="10.182"/>
  <testcase classname="NewTest.SupportTestCase" name="ProductValidationOnOrderPage" time="0.025">
    <failure type="org.testng.internal.reflect.MethodMatcherException" message="
[public void NewTest.SupportTestCase.ProductValidationOnOrderPage(java.lang.String)] has no parameters defined but was found to be using a data provider (either explicitly specified or inherited from class level annotation).
Data provider mismatch
Method: ProductValidationOnOrderPage([Parameter{index=0, type=java.lang.String, declaredAnnotations=[]}])
Arguments: [(java.util.HashMap) {CardNo=1534 9931 9292 2293, password=Athvika@123, CVV=234, CountryName=India, email=jothi.lakshmi@gmail.com, productName=ZARA COAT 3, Name=Jothi}]">
      <![CDATA[org.testng.internal.reflect.MethodMatcherException: 
[public void NewTest.SupportTestCase.ProductValidationOnOrderPage(java.lang.String)] has no parameters defined but was found to be using a data provider (either explicitly specified or inherited from class level annotation).
Data provider mismatch
Method: ProductValidationOnOrderPage([Parameter{index=0, type=java.lang.String, declaredAnnotations=[]}])
Arguments: [(java.util.HashMap) {CardNo=1534 9931 9292 2293, password=Athvika@123, CVV=234, CountryName=India, email=jothi.lakshmi@gmail.com, productName=ZARA COAT 3, Name=Jothi}]
at java.base/java.util.ArrayList.forEach(ArrayList.java:1511)
at java.base/java.util.concurrent.FutureTask.run(FutureTask.java:264)
at java.base/java.util.concurrent.ThreadPoolExecutor.runWorker(ThreadPoolExecutor.java:1136)
at java.base/java.util.concurrent.ThreadPoolExecutor$Worker.run(ThreadPoolExecutor.java:635)
at java.base/java.lang.Thread.run(Thread.java:840)
... Removed 13 stack frames]]>
    </failure>
  </testcase> <!-- ProductValidationOnOrderPage -->
</testsuite> <!-- SubmitOrder TestCase -->
