<?xml version="1.0" encoding="UTF-8"?>
<!-- Generated by org.testng.reporters.JUnitReportReporter -->
<testsuite hostname="DESKTOP-5MGNPN8" failures="0" tests="3" name="NewTest.SupportTestCase" time="44.105" errors="1" timestamp="2024-01-29T15:48:03 IST" skipped="0">
  <testcase classname="NewTest.SupportTestCase" name="SubmitOrder" time="24.912"/>
  <system-out/>
  <testcase classname="NewTest.SupportTestCase" name="SubmitOrder" time="19.183"/>
  <system-out/>
  <testcase classname="NewTest.SupportTestCase" name="ProductValidationOnOrderPage" time="0.010">
    <error message="
[public void NewTest.SupportTestCase.ProductValidationOnOrderPage(java.lang.String)] has no parameters defined but was found to be using a data provider (either explicitly specified or inherited from class level annotation).
Data provider mismatch
Method: ProductValidationOnOrderPage([Parameter{index=0, type=java.lang.String, declaredAnnotations=[]}])
Arguments: [(java.util.HashMap) {CardNo=1534 9931 9292 2293, password=Athvika@123, CVV=234, CountryName=India, email=jothi.lakshmi@gmail.com, productName=ZARA COAT 3, Name=Jothi}]" type="org.testng.internal.reflect.MethodMatcherException">
      <![CDATA[org.testng.internal.reflect.MethodMatcherException: 
[public void NewTest.SupportTestCase.ProductValidationOnOrderPage(java.lang.String)] has no parameters defined but was found to be using a data provider (either explicitly specified or inherited from class level annotation).
Data provider mismatch
Method: ProductValidationOnOrderPage([Parameter{index=0, type=java.lang.String, declaredAnnotations=[]}])
Arguments: [(java.util.HashMap) {CardNo=1534 9931 9292 2293, password=Athvika@123, CVV=234, CountryName=India, email=jothi.lakshmi@gmail.com, productName=ZARA COAT 3, Name=Jothi}]
at org.testng.internal.reflect.DataProviderMethodMatcher.getConformingArguments(DataProviderMethodMatcher.java:43)
at org.testng.internal.Parameters.injectParameters(Parameters.java:914)
at org.testng.internal.MethodRunner.runInSequence(MethodRunner.java:34)
at org.testng.internal.TestInvoker$MethodInvocationAgent.invoke(TestInvoker.java:824)
at org.testng.internal.TestInvoker.invokeTestMethods(TestInvoker.java:146)
at org.testng.internal.TestMethodWorker.invokeTestMethods(TestMethodWorker.java:146)
at org.testng.internal.TestMethodWorker.run(TestMethodWorker.java:128)
at java.base/java.util.ArrayList.forEach(ArrayList.java:1511)
at org.testng.TestRunner.privateRun(TestRunner.java:794)
at org.testng.TestRunner.run(TestRunner.java:596)
at org.testng.SuiteRunner.runTest(SuiteRunner.java:377)
at org.testng.SuiteRunner.runSequentially(SuiteRunner.java:371)
at org.testng.SuiteRunner.privateRun(SuiteRunner.java:332)
at org.testng.SuiteRunner.run(SuiteRunner.java:276)
at org.testng.SuiteRunnerWorker.runSuite(SuiteRunnerWorker.java:53)
at org.testng.SuiteRunnerWorker.run(SuiteRunnerWorker.java:96)
at org.testng.TestNG.runSuitesSequentially(TestNG.java:1212)
at org.testng.TestNG.runSuitesLocally(TestNG.java:1134)
at org.testng.TestNG.runSuites(TestNG.java:1063)
at org.testng.TestNG.run(TestNG.java:1031)
at org.testng.remote.AbstractRemoteTestNG.run(AbstractRemoteTestNG.java:115)
at org.testng.remote.RemoteTestNG.initAndRun(RemoteTestNG.java:251)
at org.testng.remote.RemoteTestNG.main(RemoteTestNG.java:77)
]]>
    </error>
  </testcase> <!-- ProductValidationOnOrderPage -->
  <system-out/>
</testsuite> <!-- NewTest.SupportTestCase -->
